<?xml version="1.0" encoding="UTF-8"?>
<testsuite xmlns:xsi="http://www.w3.org/2001/XMLSchema-instance" xsi:noNamespaceSchemaLocation="https://maven.apache.org/surefire/maven-surefire-plugin/xsd/surefire-test-report.xsd" version="3.0.2" name="com.gyuan.supermaket.SupermaketApplicationTests" time="2.208" tests="1" errors="0" skipped="0" failures="0">
  <properties>
    <property name="java.specification.version" value="21"/>
    <property name="sun.cpu.isalist" value="amd64"/>
    <property name="sun.jnu.encoding" value="GBK"/>
    <property name="java.class.path" value="C:\Users\gyuan\eclipse-workspace\supermaket\target\test-classes;C:\Users\gyuan\eclipse-workspace\supermaket\target\classes;C:\Users\gyuan\mavenrepo\org\springframework\boot\spring-boot-starter\3.5.4\spring-boot-starter-3.5.4.jar;C:\Users\gyuan\mavenrepo\org\springframework\boot\spring-boot\3.5.4\spring-boot-3.5.4.jar;C:\Users\gyuan\mavenrepo\org\springframework\spring-context\6.2.9\spring-context-6.2.9.jar;C:\Users\gyuan\mavenrepo\org\springframework\spring-aop\6.2.9\spring-aop-6.2.9.jar;C:\Users\gyuan\mavenrepo\org\springframework\spring-beans\6.2.9\spring-beans-6.2.9.jar;C:\Users\gyuan\mavenrepo\org\springframework\spring-expression\6.2.9\spring-expression-6.2.9.jar;C:\Users\gyuan\mavenrepo\io\micrometer\micrometer-observation\1.15.2\micrometer-observation-1.15.2.jar;C:\Users\gyuan\mavenrepo\io\micrometer\micrometer-commons\1.15.2\micrometer-commons-1.15.2.jar;C:\Users\gyuan\mavenrepo\org\springframework\boot\spring-boot-autoconfigure\3.5.4\spring-boot-autoconfigure-3.5.4.jar;C:\Users\gyuan\mavenrepo\org\springframework\boot\spring-boot-starter-logging\3.5.4\spring-boot-starter-logging-3.5.4.jar;C:\Users\gyuan\mavenrepo\ch\qos\logback\logback-classic\1.5.18\logback-classic-1.5.18.jar;C:\Users\gyuan\mavenrepo\ch\qos\logback\logback-core\1.5.18\logback-core-1.5.18.jar;C:\Users\gyuan\mavenrepo\org\apache\logging\log4j\log4j-to-slf4j\2.24.3\log4j-to-slf4j-2.24.3.jar;C:\Users\gyuan\mavenrepo\org\apache\logging\log4j\log4j-api\2.24.3\log4j-api-2.24.3.jar;C:\Users\gyuan\mavenrepo\org\slf4j\jul-to-slf4j\2.0.17\jul-to-slf4j-2.0.17.jar;C:\Users\gyuan\mavenrepo\jakarta\annotation\jakarta.annotation-api\2.1.1\jakarta.annotation-api-2.1.1.jar;C:\Users\gyuan\mavenrepo\org\springframework\spring-core\6.2.9\spring-core-6.2.9.jar;C:\Users\gyuan\mavenrepo\org\springframework\spring-jcl\6.2.9\spring-jcl-6.2.9.jar;C:\Users\gyuan\mavenrepo\org\yaml\snakeyaml\2.4\snakeyaml-2.4.jar;C:\Users\gyuan\mavenrepo\org\springframework\boot\spring-boot-starter-test\3.5.4\spring-boot-starter-test-3.5.4.jar;C:\Users\gyuan\mavenrepo\org\springframework\boot\spring-boot-test\3.5.4\spring-boot-test-3.5.4.jar;C:\Users\gyuan\mavenrepo\org\springframework\boot\spring-boot-test-autoconfigure\3.5.4\spring-boot-test-autoconfigure-3.5.4.jar;C:\Users\gyuan\mavenrepo\com\jayway\jsonpath\json-path\2.9.0\json-path-2.9.0.jar;C:\Users\gyuan\mavenrepo\org\slf4j\slf4j-api\2.0.17\slf4j-api-2.0.17.jar;C:\Users\gyuan\mavenrepo\jakarta\xml\bind\jakarta.xml.bind-api\4.0.2\jakarta.xml.bind-api-4.0.2.jar;C:\Users\gyuan\mavenrepo\jakarta\activation\jakarta.activation-api\2.1.3\jakarta.activation-api-2.1.3.jar;C:\Users\gyuan\mavenrepo\net\minidev\json-smart\2.5.2\json-smart-2.5.2.jar;C:\Users\gyuan\mavenrepo\net\minidev\accessors-smart\2.5.2\accessors-smart-2.5.2.jar;C:\Users\gyuan\mavenrepo\org\ow2\asm\asm\9.7.1\asm-9.7.1.jar;C:\Users\gyuan\mavenrepo\org\assertj\assertj-core\3.27.3\assertj-core-3.27.3.jar;C:\Users\gyuan\mavenrepo\net\bytebuddy\byte-buddy\1.17.6\byte-buddy-1.17.6.jar;C:\Users\gyuan\mavenrepo\org\awaitility\awaitility\4.2.2\awaitility-4.2.2.jar;C:\Users\gyuan\mavenrepo\org\hamcrest\hamcrest\3.0\hamcrest-3.0.jar;C:\Users\gyuan\mavenrepo\org\junit\jupiter\junit-jupiter\5.12.2\junit-jupiter-5.12.2.jar;C:\Users\gyuan\mavenrepo\org\junit\jupiter\junit-jupiter-api\5.12.2\junit-jupiter-api-5.12.2.jar;C:\Users\gyuan\mavenrepo\org\opentest4j\opentest4j\1.3.0\opentest4j-1.3.0.jar;C:\Users\gyuan\mavenrepo\org\junit\platform\junit-platform-commons\1.12.2\junit-platform-commons-1.12.2.jar;C:\Users\gyuan\mavenrepo\org\apiguardian\apiguardian-api\1.1.2\apiguardian-api-1.1.2.jar;C:\Users\gyuan\mavenrepo\org\junit\jupiter\junit-jupiter-params\5.12.2\junit-jupiter-params-5.12.2.jar;C:\Users\gyuan\mavenrepo\org\junit\jupiter\junit-jupiter-engine\5.12.2\junit-jupiter-engine-5.12.2.jar;C:\Users\gyuan\mavenrepo\org\junit\platform\junit-platform-engine\1.12.2\junit-platform-engine-1.12.2.jar;C:\Users\gyuan\mavenrepo\org\mockito\mockito-core\5.17.0\mockito-core-5.17.0.jar;C:\Users\gyuan\mavenrepo\net\bytebuddy\byte-buddy-agent\1.17.6\byte-buddy-agent-1.17.6.jar;C:\Users\gyuan\mavenrepo\org\objenesis\objenesis\3.3\objenesis-3.3.jar;C:\Users\gyuan\mavenrepo\org\mockito\mockito-junit-jupiter\5.17.0\mockito-junit-jupiter-5.17.0.jar;C:\Users\gyuan\mavenrepo\org\skyscreamer\jsonassert\1.5.3\jsonassert-1.5.3.jar;C:\Users\gyuan\mavenrepo\com\vaadin\external\google\android-json\0.0.20131108.vaadin1\android-json-0.0.20131108.vaadin1.jar;C:\Users\gyuan\mavenrepo\org\springframework\spring-test\6.2.9\spring-test-6.2.9.jar;C:\Users\gyuan\mavenrepo\org\xmlunit\xmlunit-core\2.10.3\xmlunit-core-2.10.3.jar;"/>
    <property name="java.vm.vendor" value="Eclipse Adoptium"/>
    <property name="sun.arch.data.model" value="64"/>
    <property name="user.variant" value=""/>
    <property name="java.vendor.url" value="https://adoptium.net/"/>
    <property name="user.timezone" value="Asia/Shanghai"/>
    <property name="os.name" value="Windows 11"/>
    <property name="java.vm.specification.version" value="21"/>
    <property name="APPLICATION_NAME" value="supermaket"/>
    <property name="sun.java.launcher" value="SUN_STANDARD"/>
    <property name="user.country" value="CN"/>
    <property name="sun.boot.library.path" value="C:\Program Files\Eclipse Adoptium\jdk-21.0.8.9-hotspot\bin"/>
    <property name="sun.java.command" value="C:\Users\gyuan\AppData\Local\Temp\surefire14677691688172386962\surefirebooter-20250820164129404_3.jar C:\Users\gyuan\AppData\Local\Temp\surefire14677691688172386962 2025-08-20T16-41-25_691-jvmRun1 surefire-20250820164129404_1tmp surefire_0-20250820164129404_2tmp"/>
    <property name="jdk.debug" value="release"/>
    <property name="surefire.test.class.path" value="C:\Users\gyuan\eclipse-workspace\supermaket\target\test-classes;C:\Users\gyuan\eclipse-workspace\supermaket\target\classes;C:\Users\gyuan\mavenrepo\org\springframework\boot\spring-boot-starter\3.5.4\spring-boot-starter-3.5.4.jar;C:\Users\gyuan\mavenrepo\org\springframework\boot\spring-boot\3.5.4\spring-boot-3.5.4.jar;C:\Users\gyuan\mavenrepo\org\springframework\spring-context\6.2.9\spring-context-6.2.9.jar;C:\Users\gyuan\mavenrepo\org\springframework\spring-aop\6.2.9\spring-aop-6.2.9.jar;C:\Users\gyuan\mavenrepo\org\springframework\spring-beans\6.2.9\spring-beans-6.2.9.jar;C:\Users\gyuan\mavenrepo\org\springframework\spring-expression\6.2.9\spring-expression-6.2.9.jar;C:\Users\gyuan\mavenrepo\io\micrometer\micrometer-observation\1.15.2\micrometer-observation-1.15.2.jar;C:\Users\gyuan\mavenrepo\io\micrometer\micrometer-commons\1.15.2\micrometer-commons-1.15.2.jar;C:\Users\gyuan\mavenrepo\org\springframework\boot\spring-boot-autoconfigure\3.5.4\spring-boot-autoconfigure-3.5.4.jar;C:\Users\gyuan\mavenrepo\org\springframework\boot\spring-boot-starter-logging\3.5.4\spring-boot-starter-logging-3.5.4.jar;C:\Users\gyuan\mavenrepo\ch\qos\logback\logback-classic\1.5.18\logback-classic-1.5.18.jar;C:\Users\gyuan\mavenrepo\ch\qos\logback\logback-core\1.5.18\logback-core-1.5.18.jar;C:\Users\gyuan\mavenrepo\org\apache\logging\log4j\log4j-to-slf4j\2.24.3\log4j-to-slf4j-2.24.3.jar;C:\Users\gyuan\mavenrepo\org\apache\logging\log4j\log4j-api\2.24.3\log4j-api-2.24.3.jar;C:\Users\gyuan\mavenrepo\org\slf4j\jul-to-slf4j\2.0.17\jul-to-slf4j-2.0.17.jar;C:\Users\gyuan\mavenrepo\jakarta\annotation\jakarta.annotation-api\2.1.1\jakarta.annotation-api-2.1.1.jar;C:\Users\gyuan\mavenrepo\org\springframework\spring-core\6.2.9\spring-core-6.2.9.jar;C:\Users\gyuan\mavenrepo\org\springframework\spring-jcl\6.2.9\spring-jcl-6.2.9.jar;C:\Users\gyuan\mavenrepo\org\yaml\snakeyaml\2.4\snakeyaml-2.4.jar;C:\Users\gyuan\mavenrepo\org\springframework\boot\spring-boot-starter-test\3.5.4\spring-boot-starter-test-3.5.4.jar;C:\Users\gyuan\mavenrepo\org\springframework\boot\spring-boot-test\3.5.4\spring-boot-test-3.5.4.jar;C:\Users\gyuan\mavenrepo\org\springframework\boot\spring-boot-test-autoconfigure\3.5.4\spring-boot-test-autoconfigure-3.5.4.jar;C:\Users\gyuan\mavenrepo\com\jayway\jsonpath\json-path\2.9.0\json-path-2.9.0.jar;C:\Users\gyuan\mavenrepo\org\slf4j\slf4j-api\2.0.17\slf4j-api-2.0.17.jar;C:\Users\gyuan\mavenrepo\jakarta\xml\bind\jakarta.xml.bind-api\4.0.2\jakarta.xml.bind-api-4.0.2.jar;C:\Users\gyuan\mavenrepo\jakarta\activation\jakarta.activation-api\2.1.3\jakarta.activation-api-2.1.3.jar;C:\Users\gyuan\mavenrepo\net\minidev\json-smart\2.5.2\json-smart-2.5.2.jar;C:\Users\gyuan\mavenrepo\net\minidev\accessors-smart\2.5.2\accessors-smart-2.5.2.jar;C:\Users\gyuan\mavenrepo\org\ow2\asm\asm\9.7.1\asm-9.7.1.jar;C:\Users\gyuan\mavenrepo\org\assertj\assertj-core\3.27.3\assertj-core-3.27.3.jar;C:\Users\gyuan\mavenrepo\net\bytebuddy\byte-buddy\1.17.6\byte-buddy-1.17.6.jar;C:\Users\gyuan\mavenrepo\org\awaitility\awaitility\4.2.2\awaitility-4.2.2.jar;C:\Users\gyuan\mavenrepo\org\hamcrest\hamcrest\3.0\hamcrest-3.0.jar;C:\Users\gyuan\mavenrepo\org\junit\jupiter\junit-jupiter\5.12.2\junit-jupiter-5.12.2.jar;C:\Users\gyuan\mavenrepo\org\junit\jupiter\junit-jupiter-api\5.12.2\junit-jupiter-api-5.12.2.jar;C:\Users\gyuan\mavenrepo\org\opentest4j\opentest4j\1.3.0\opentest4j-1.3.0.jar;C:\Users\gyuan\mavenrepo\org\junit\platform\junit-platform-commons\1.12.2\junit-platform-commons-1.12.2.jar;C:\Users\gyuan\mavenrepo\org\apiguardian\apiguardian-api\1.1.2\apiguardian-api-1.1.2.jar;C:\Users\gyuan\mavenrepo\org\junit\jupiter\junit-jupiter-params\5.12.2\junit-jupiter-params-5.12.2.jar;C:\Users\gyuan\mavenrepo\org\junit\jupiter\junit-jupiter-engine\5.12.2\junit-jupiter-engine-5.12.2.jar;C:\Users\gyuan\mavenrepo\org\junit\platform\junit-platform-engine\1.12.2\junit-platform-engine-1.12.2.jar;C:\Users\gyuan\mavenrepo\org\mockito\mockito-core\5.17.0\mockito-core-5.17.0.jar;C:\Users\gyuan\mavenrepo\net\bytebuddy\byte-buddy-agent\1.17.6\byte-buddy-agent-1.17.6.jar;C:\Users\gyuan\mavenrepo\org\objenesis\objenesis\3.3\objenesis-3.3.jar;C:\Users\gyuan\mavenrepo\org\mockito\mockito-junit-jupiter\5.17.0\mockito-junit-jupiter-5.17.0.jar;C:\Users\gyuan\mavenrepo\org\skyscreamer\jsonassert\1.5.3\jsonassert-1.5.3.jar;C:\Users\gyuan\mavenrepo\com\vaadin\external\google\android-json\0.0.20131108.vaadin1\android-json-0.0.20131108.vaadin1.jar;C:\Users\gyuan\mavenrepo\org\springframework\spring-test\6.2.9\spring-test-6.2.9.jar;C:\Users\gyuan\mavenrepo\org\xmlunit\xmlunit-core\2.10.3\xmlunit-core-2.10.3.jar;"/>
    <property name="sun.cpu.endian" value="little"/>
    <property name="user.home" value="C:\Users\gyuan"/>
    <property name="user.language" value="zh"/>
    <property name="java.specification.vendor" value="Oracle Corporation"/>
    <property name="java.version.date" value="2025-07-15"/>
    <property name="java.home" value="C:\Program Files\Eclipse Adoptium\jdk-21.0.8.9-hotspot"/>
    <property name="file.separator" value="\"/>
    <property name="basedir" value="C:\Users\gyuan\eclipse-workspace\supermaket"/>
    <property name="java.vm.compressedOopsMode" value="Zero based"/>
    <property name="line.separator" value="&#10;"/>
    <property name="java.vm.specification.vendor" value="Oracle Corporation"/>
    <property name="java.specification.name" value="Java Platform API Specification"/>
    <property name="FILE_LOG_CHARSET" value="UTF-8"/>
    <property name="java.awt.headless" value="true"/>
    <property name="surefire.real.class.path" value="C:\Users\gyuan\AppData\Local\Temp\surefire14677691688172386962\surefirebooter-20250820164129404_3.jar"/>
    <property name="user.script" value=""/>
    <property name="sun.management.compiler" value="HotSpot 64-Bit Tiered Compilers"/>
    <property name="java.runtime.version" value="21.0.8+9-LTS"/>
    <property name="user.name" value="gyuan"/>
    <property name="stdout.encoding" value="GBK"/>
    <property name="path.separator" value=";"/>
    <property name="os.version" value="10.0"/>
    <property name="java.runtime.name" value="OpenJDK Runtime Environment"/>
    <property name="file.encoding" value="UTF-8"/>
    <property name="java.vm.name" value="OpenJDK 64-Bit Server VM"/>
    <property name="java.vendor.version" value="Temurin-21.0.8+9"/>
    <property name="localRepository" value="C:\Users\gyuan\mavenrepo"/>
    <property name="java.vendor.url.bug" value="https://github.com/adoptium/adoptium-support/issues"/>
    <property name="java.io.tmpdir" value="C:\Users\gyuan\AppData\Local\Temp\"/>
    <property name="java.version" value="21.0.8"/>
    <property name="user.dir" value="C:\Users\gyuan\eclipse-workspace\supermaket"/>
    <property name="os.arch" value="amd64"/>
    <property name="java.vm.specification.name" value="Java Virtual Machine Specification"/>
    <property name="PID" value="21412"/>
    <property name="sun.os.patch.level" value=""/>
    <property name="CONSOLE_LOG_CHARSET" value="UTF-8"/>
    <property name="native.encoding" value="GBK"/>
    <property name="java.library.path" value="C:\Program Files\Eclipse Adoptium\jdk-21.0.8.9-hotspot\bin;C:\WINDOWS\Sun\Java\bin;C:\WINDOWS\system32;C:\WINDOWS;C:\Users\gyuan\bin;C:\Program Files\Git\mingw64\bin;C:\Program Files\Git\usr\local\bin;C:\Program Files\Git\usr\bin;C:\Program Files\Git\usr\bin;C:\Program Files\Git\mingw64\bin;C:\Program Files\Git\usr\bin;C:\Users\gyuan\bin;C:\Program Files\Eclipse Adoptium\jdk-21.0.8.9-hotspot\bin;C:\WINDOWS\system32;C:\WINDOWS;C:\WINDOWS\System32\Wbem;C:\WINDOWS\System32\WindowsPowerShell\v1.0;C:\WINDOWS\System32\OpenSSH;C:\Program Files\PowerShell\7;C:\Program Files\Git\cmd;C:\Program Files\Eclipse Adoptium\apache-maven-3.9.11\bin;C:\Users\gyuan\scoop\shims;C:\python\Scripts;C:\python;C:\Users\gyuan\AppData\Local\Programs\Python\Launcher;C:\Users\gyuan\AppData\Local\Microsoft\WindowsApps;C:\Users\gyuan\AppData\Local\Programs\Microsoft VS Code\bin;C:\Program Files\Git\usr\bin\vendor_perl;C:\Program Files\Git\usr\bin\core_perl;."/>
    <property name="java.vm.info" value="mixed mode, sharing"/>
    <property name="stderr.encoding" value="GBK"/>
    <property name="java.vendor" value="Eclipse Adoptium"/>
    <property name="java.vm.version" value="21.0.8+9-LTS"/>
    <property name="sun.io.unicode.encoding" value="UnicodeLittle"/>
    <property name="java.class.version" value="65.0"/>
    <property name="LOGGED_APPLICATION_NAME" value="[supermaket] "/>
  </properties>
  <testcase name="contextLoads" classname="com.gyuan.supermaket.SupermaketApplicationTests" time="0.962">
    <system-out><![CDATA[16:41:30.437 [main] INFO org.springframework.test.context.support.AnnotationConfigContextLoaderUtils -- Could not detect default configuration classes for test class [com.gyuan.supermaket.SupermaketApplicationTests]: SupermaketApplicationTests does not declare any static, non-private, non-final, nested classes annotated with @Configuration.
16:41:30.559 [main] INFO org.springframework.boot.test.context.SpringBootTestContextBootstrapper -- Found @SpringBootConfiguration com.gyuan.supermaket.SupermaketApplication for test class com.gyuan.supermaket.SupermaketApplicationTests

  .   ____          _            __ _ _
 /\\ / ___'_ __ _ _(_)_ __  __ _ \ \ \ \
( ( )\___ | '_ | '_| | '_ \/ _` | \ \ \ \
 \\/  ___)| |_)| | | | | || (_| |  ) ) ) )
  '  |____| .__|_| |_|_| |_\__, | / / / /
 =========|_|==============|___/=/_/_/_/

 :: Spring Boot ::                (v3.5.4)

2025-08-20T16:41:31.092+08:00  INFO 21412 --- [supermaket] [           main] c.g.s.SupermaketApplicationTests         : Starting SupermaketApplicationTests using Java 21.0.8 with PID 21412 (started by gyuan in C:\Users\gyuan\eclipse-workspace\supermaket)
2025-08-20T16:41:31.094+08:00  INFO 21412 --- [supermaket] [           main] c.g.s.SupermaketApplicationTests         : No active profile set, falling back to 1 default profile: "default"
2025-08-20T16:41:31.534+08:00  INFO 21412 --- [supermaket] [           main] c.g.s.SupermaketApplicationTests         : Started SupermaketApplicationTests in 0.792 seconds (process running for 1.83)
]]></system-out>
    <system-err><![CDATA[Mockito is currently self-attaching to enable the inline-mock-maker. This will no longer work in future releases of the JDK. Please add Mockito as an agent to your build as described in Mockito's documentation: https://javadoc.io/doc/org.mockito/mockito-core/latest/org.mockito/org/mockito/Mockito.html#0.3
WARNING: A Java agent has been loaded dynamically (C:\Users\gyuan\mavenrepo\net\bytebuddy\byte-buddy-agent\1.17.6\byte-buddy-agent-1.17.6.jar)
WARNING: If a serviceability tool is in use, please run with -XX:+EnableDynamicAgentLoading to hide this warning
WARNING: If a serviceability tool is not in use, please run with -Djdk.instrument.traceUsage for more information
WARNING: Dynamic loading of agents will be disallowed by default in a future release
]]></system-err>
  </testcase>
</testsuite>